<?xml version="1.0" encoding="UTF-8"?>
<!-- Generated by org.testng.reporters.JUnitReportReporter -->
<testsuite hostname="DESKTOP-9S6R83M" failures="0" tests="1" name="PostBDDStyle" time="4.225" errors="0" timestamp="2020-04-08T16:43:02 GST" skipped="0">
  <testcase classname="PostBDDStyle" name="postverb" time="4.225"/>
</testsuite> <!-- PostBDDStyle -->
