<?xml version="1.0" encoding="UTF-8"?>
<!-- Generated by org.testng.reporters.JUnitReportReporter -->
<testsuite hostname="DESKTOP-9S6R83M" failures="0" tests="1" name="NonBDDStyleGetRequest" time="4.666" errors="0" timestamp="08 Apr 2020 07:17:35 GMT" skipped="0">
  <testcase classname="NonBDDStyleGetRequest" name="GetBookingIds_VerifyStatusCode" time="4.666"/>
</testsuite> <!-- NonBDDStyleGetRequest -->
